<?xml version="1.0" encoding="UTF-8"?>
<!-- Generated by org.testng.reporters.JUnitReportReporter -->
<testsuite skipped="0" hostname="LAPTOP-SA9K52P0" name="com.QBBcrm.Patron.Demo" tests="1" failures="0" timestamp="2021-06-01T12:05:00 IST" time="0.010" errors="0">
  <testcase name="run" time="0.010" classname="com.QBBcrm.Patron.Demo"/>
  <system-out>
tests are running successfully   </system-out>
</testsuite> <!-- com.QBBcrm.Patron.Demo -->
